<?xml version="1.0" encoding="UTF-8"?>
<testsuite name="com.example.exemplogradle.ExemploGradleApplicationTests" tests="1" skipped="0" failures="0" errors="0" timestamp="2021-02-28T12:07:36" hostname="outra-vez" time="0.507">
  <properties/>
  <testcase name="contextLoads()" classname="com.example.exemplogradle.ExemploGradleApplicationTests" time="0.507"/>
  <system-out><![CDATA[09:07:33.199 [Test worker] DEBUG org.springframework.test.context.BootstrapUtils - Instantiating CacheAwareContextLoaderDelegate from class [org.springframework.test.context.cache.DefaultCacheAwareContextLoaderDelegate]
09:07:33.213 [Test worker] DEBUG org.springframework.test.context.BootstrapUtils - Instantiating BootstrapContext using constructor [public org.springframework.test.context.support.DefaultBootstrapContext(java.lang.Class,org.springframework.test.context.CacheAwareContextLoaderDelegate)]
09:07:33.281 [Test worker] DEBUG org.springframework.test.context.BootstrapUtils - Instantiating TestContextBootstrapper for test class [com.example.exemplogradle.ExemploGradleApplicationTests] from class [org.springframework.boot.test.context.SpringBootTestContextBootstrapper]
09:07:33.312 [Test worker] INFO org.springframework.boot.test.context.SpringBootTestContextBootstrapper - Neither @ContextConfiguration nor @ContextHierarchy found for test class [com.example.exemplogradle.ExemploGradleApplicationTests], using SpringBootContextLoader
09:07:33.316 [Test worker] DEBUG org.springframework.test.context.support.AbstractContextLoader - Did not detect default resource location for test class [com.example.exemplogradle.ExemploGradleApplicationTests]: class path resource [com/example/exemplogradle/ExemploGradleApplicationTests-context.xml] does not exist
09:07:33.317 [Test worker] DEBUG org.springframework.test.context.support.AbstractContextLoader - Did not detect default resource location for test class [com.example.exemplogradle.ExemploGradleApplicationTests]: class path resource [com/example/exemplogradle/ExemploGradleApplicationTestsContext.groovy] does not exist
09:07:33.318 [Test worker] INFO org.springframework.test.context.support.AbstractContextLoader - Could not detect default resource locations for test class [com.example.exemplogradle.ExemploGradleApplicationTests]: no resource found for suffixes {-context.xml, Context.groovy}.
09:07:33.319 [Test worker] INFO org.springframework.test.context.support.AnnotationConfigContextLoaderUtils - Could not detect default configuration classes for test class [com.example.exemplogradle.ExemploGradleApplicationTests]: ExemploGradleApplicationTests does not declare any static, non-private, non-final, nested classes annotated with @Configuration.
09:07:33.378 [Test worker] DEBUG org.springframework.test.context.support.ActiveProfilesUtils - Could not find an 'annotation declaring class' for annotation type [org.springframework.test.context.ActiveProfiles] and class [com.example.exemplogradle.ExemploGradleApplicationTests]
09:07:33.448 [Test worker] DEBUG org.springframework.context.annotation.ClassPathScanningCandidateComponentProvider - Identified candidate component class: file [/home/lino/workplace/programação/ide-java/exemplo-gradle/build/classes/java/main/com/example/exemplogradle/ExemploGradleApplication.class]
09:07:33.450 [Test worker] INFO org.springframework.boot.test.context.SpringBootTestContextBootstrapper - Found @SpringBootConfiguration com.example.exemplogradle.ExemploGradleApplication for test class com.example.exemplogradle.ExemploGradleApplicationTests
09:07:33.718 [Test worker] DEBUG org.springframework.boot.test.context.SpringBootTestContextBootstrapper - @TestExecutionListeners is not present for class [com.example.exemplogradle.ExemploGradleApplicationTests]: using defaults.
09:07:33.719 [Test worker] INFO org.springframework.boot.test.context.SpringBootTestContextBootstrapper - Loaded default TestExecutionListener class names from location [META-INF/spring.factories]: [org.springframework.boot.test.autoconfigure.restdocs.RestDocsTestExecutionListener, org.springframework.boot.test.autoconfigure.web.client.MockRestServiceServerResetTestExecutionListener, org.springframework.boot.test.autoconfigure.web.servlet.MockMvcPrintOnlyOnFailureTestExecutionListener, org.springframework.boot.test.autoconfigure.web.servlet.WebDriverTestExecutionListener, org.springframework.boot.test.autoconfigure.webservices.client.MockWebServiceServerTestExecutionListener, org.springframework.boot.test.mock.mockito.MockitoTestExecutionListener, org.springframework.boot.test.mock.mockito.ResetMocksTestExecutionListener, org.springframework.test.context.web.ServletTestExecutionListener, org.springframework.test.context.support.DirtiesContextBeforeModesTestExecutionListener, org.springframework.test.context.event.ApplicationEventsTestExecutionListener, org.springframework.test.context.support.DependencyInjectionTestExecutionListener, org.springframework.test.context.support.DirtiesContextTestExecutionListener, org.springframework.test.context.transaction.TransactionalTestExecutionListener, org.springframework.test.context.jdbc.SqlScriptsTestExecutionListener, org.springframework.test.context.event.EventPublishingTestExecutionListener]
09:07:33.739 [Test worker] DEBUG org.springframework.boot.test.context.SpringBootTestContextBootstrapper - Skipping candidate TestExecutionListener [org.springframework.test.context.transaction.TransactionalTestExecutionListener] due to a missing dependency. Specify custom listener classes or make the default listener classes and their required dependencies available. Offending class: [org/springframework/transaction/interceptor/TransactionAttributeSource]
09:07:33.741 [Test worker] DEBUG org.springframework.boot.test.context.SpringBootTestContextBootstrapper - Skipping candidate TestExecutionListener [org.springframework.test.context.jdbc.SqlScriptsTestExecutionListener] due to a missing dependency. Specify custom listener classes or make the default listener classes and their required dependencies available. Offending class: [org/springframework/transaction/interceptor/TransactionAttribute]
09:07:33.742 [Test worker] INFO org.springframework.boot.test.context.SpringBootTestContextBootstrapper - Using TestExecutionListeners: [org.springframework.test.context.web.ServletTestExecutionListener@2462340d, org.springframework.test.context.support.DirtiesContextBeforeModesTestExecutionListener@74b9244c, org.springframework.test.context.event.ApplicationEventsTestExecutionListener@63a2497f, org.springframework.boot.test.mock.mockito.MockitoTestExecutionListener@1022b1f4, org.springframework.boot.test.autoconfigure.SpringBootDependencyInjectionTestExecutionListener@25d52da1, org.springframework.test.context.support.DirtiesContextTestExecutionListener@1873f613, org.springframework.test.context.event.EventPublishingTestExecutionListener@69ebadd3, org.springframework.boot.test.autoconfigure.restdocs.RestDocsTestExecutionListener@6c431c0b, org.springframework.boot.test.autoconfigure.web.client.MockRestServiceServerResetTestExecutionListener@60778c07, org.springframework.boot.test.autoconfigure.web.servlet.MockMvcPrintOnlyOnFailureTestExecutionListener@67333d74, org.springframework.boot.test.autoconfigure.web.servlet.WebDriverTestExecutionListener@53828174, org.springframework.boot.test.autoconfigure.webservices.client.MockWebServiceServerTestExecutionListener@27556c4b, org.springframework.boot.test.mock.mockito.ResetMocksTestExecutionListener@7b1ecb12]
09:07:33.749 [Test worker] DEBUG org.springframework.test.context.support.AbstractDirtiesContextTestExecutionListener - Before test class: context [DefaultTestContext@1e243922 testClass = ExemploGradleApplicationTests, testInstance = [null], testMethod = [null], testException = [null], mergedContextConfiguration = [WebMergedContextConfiguration@49f497c8 testClass = ExemploGradleApplicationTests, locations = '{}', classes = '{class com.example.exemplogradle.ExemploGradleApplication}', contextInitializerClasses = '[]', activeProfiles = '{}', propertySourceLocations = '{}', propertySourceProperties = '{org.springframework.boot.test.context.SpringBootTestContextBootstrapper=true}', contextCustomizers = set[org.springframework.boot.test.autoconfigure.actuate.metrics.MetricsExportContextCustomizerFactory$DisableMetricExportContextCustomizer@5619f831, org.springframework.boot.test.autoconfigure.properties.PropertyMappingContextCustomizer@0, org.springframework.boot.test.autoconfigure.web.servlet.WebDriverContextCustomizerFactory$Customizer@72e97a09, org.springframework.boot.test.context.filter.ExcludeFilterContextCustomizer@6911d764, org.springframework.boot.test.json.DuplicateJsonObjectContextCustomizerFactory$DuplicateJsonObjectContextCustomizer@2e6c9437, org.springframework.boot.test.mock.mockito.MockitoContextCustomizer@0, org.springframework.boot.test.web.client.TestRestTemplateContextCustomizer@78d0edbe, org.springframework.boot.test.context.SpringBootTestArgs@1, org.springframework.boot.test.context.SpringBootTestWebEnvironment@1b7cde66], resourceBasePath = 'src/main/webapp', contextLoader = 'org.springframework.boot.test.context.SpringBootContextLoader', parent = [null]], attributes = map['org.springframework.test.context.web.ServletTestExecutionListener.activateListener' -> true]], class annotated with @DirtiesContext [false] with mode [null].
09:07:33.841 [Test worker] DEBUG org.springframework.test.context.support.TestPropertySourceUtils - Adding inlined properties to environment: {spring.jmx.enabled=false, org.springframework.boot.test.context.SpringBootTestContextBootstrapper=true}

  .   ____          _            __ _ _
 /\\ / ___'_ __ _ _(_)_ __  __ _ \ \ \ \
( ( )\___ | '_ | '_| | '_ \/ _` | \ \ \ \
 \\/  ___)| |_)| | | | | || (_| |  ) ) ) )
  '  |____| .__|_| |_|_| |_\__, | / / / /
 =========|_|==============|___/=/_/_/_/
 :: Spring Boot ::                (v2.4.3)

2021-02-28 09:07:34.434  INFO 8603 --- [    Test worker] c.e.e.ExemploGradleApplicationTests      : Starting ExemploGradleApplicationTests using Java 15.0.2 on outra-vez with PID 8603 (started by lino in /home/lino/workplace/programação/ide-java/exemplo-gradle)
2021-02-28 09:07:34.439  INFO 8603 --- [    Test worker] c.e.e.ExemploGradleApplicationTests      : No active profile set, falling back to default profiles: default
2021-02-28 09:07:36.205  INFO 8603 --- [    Test worker] o.s.s.concurrent.ThreadPoolTaskExecutor  : Initializing ExecutorService 'applicationTaskExecutor'
2021-02-28 09:07:36.581  INFO 8603 --- [    Test worker] c.e.e.ExemploGradleApplicationTests      : Started ExemploGradleApplicationTests in 2.732 seconds (JVM running for 5.575)
]]></system-out>
  <system-err><![CDATA[]]></system-err>
</testsuite>
